2019-08-09 11:05:40.507  INFO c.e.SpringbootStartApplication:50-Starting SpringbootStartApplication on zhangzhenyandeMacBook-Pro.local with PID 2147 (/Users/zhangzhenyan/ideaProject/spring-boot-study/web/controller/target/classes started by zhangzhenyan in /Users/zhangzhenyan/ideaProject/spring-boot-study)
2019-08-09 11:05:40.510  INFO c.e.SpringbootStartApplication:684-The following profiles are active: dev
2019-08-09 11:05:40.549  INFO o.s.b.w.s.c.AnnotationConfigServletWebServerApplicationContext:590-Refreshing org.springframework.boot.web.servlet.context.AnnotationConfigServletWebServerApplicationContext@607fbe09: startup date [Fri Aug 09 11:05:40 CST 2019]; root of context hierarchy
2019-08-09 11:05:41.550  INFO o.s.d.r.c.RepositoryConfigurationDelegate:172-Multiple Spring Data modules found, entering strict repository configuration mode!
2019-08-09 11:05:41.925  INFO o.s.c.s.PostProcessorRegistrationDelegate$BeanPostProcessorChecker:326-Bean 'org.springframework.kafka.annotation.KafkaBootstrapConfiguration' of type [org.springframework.kafka.annotation.KafkaBootstrapConfiguration$$EnhancerBySpringCGLIB$$e80d4874] is not eligible for getting processed by all BeanPostProcessors (for example: not eligible for auto-proxying)
2019-08-09 11:05:42.131  INFO o.s.c.s.PostProcessorRegistrationDelegate$BeanPostProcessorChecker:326-Bean 'org.springframework.boot.context.properties.ConversionServiceDeducer$Factory' of type [org.springframework.boot.context.properties.ConversionServiceDeducer$Factory] is not eligible for getting processed by all BeanPostProcessors (for example: not eligible for auto-proxying)
2019-08-09 11:05:42.211  INFO o.s.c.s.PostProcessorRegistrationDelegate$BeanPostProcessorChecker:326-Bean 'druidConfig' of type [com.example.config.DruidConfig] is not eligible for getting processed by all BeanPostProcessors (for example: not eligible for auto-proxying)
2019-08-09 11:05:42.740  INFO c.a.d.p.DruidDataSource:914-{dataSource-1} inited
2019-08-09 11:05:42.740  INFO o.s.c.s.PostProcessorRegistrationDelegate$BeanPostProcessorChecker:326-Bean 'dataSource' of type [com.alibaba.druid.pool.DruidDataSource] is not eligible for getting processed by all BeanPostProcessors (for example: not eligible for auto-proxying)
2019-08-09 11:05:42.803  INFO o.s.c.s.PostProcessorRegistrationDelegate$BeanPostProcessorChecker:326-Bean 'spring.datasource-org.springframework.boot.autoconfigure.jdbc.DataSourceProperties' of type [org.springframework.boot.autoconfigure.jdbc.DataSourceProperties] is not eligible for getting processed by all BeanPostProcessors (for example: not eligible for auto-proxying)
2019-08-09 11:05:42.816  INFO o.s.c.s.PostProcessorRegistrationDelegate$BeanPostProcessorChecker:326-Bean 'org.springframework.boot.autoconfigure.jdbc.DataSourceInitializerInvoker' of type [org.springframework.boot.autoconfigure.jdbc.DataSourceInitializerInvoker] is not eligible for getting processed by all BeanPostProcessors (for example: not eligible for auto-proxying)
2019-08-09 11:05:42.830  INFO o.s.c.s.PostProcessorRegistrationDelegate$BeanPostProcessorChecker:326-Bean 'transactionConfig' of type [com.example.config.TransactionConfig$$EnhancerBySpringCGLIB$$194214bb] is not eligible for getting processed by all BeanPostProcessors (for example: not eligible for auto-proxying)
2019-08-09 11:05:42.836  INFO o.s.c.s.PostProcessorRegistrationDelegate$BeanPostProcessorChecker:326-Bean 'org.springframework.transaction.annotation.ProxyTransactionManagementConfiguration' of type [org.springframework.transaction.annotation.ProxyTransactionManagementConfiguration$$EnhancerBySpringCGLIB$$145b36f1] is not eligible for getting processed by all BeanPostProcessors (for example: not eligible for auto-proxying)
2019-08-09 11:05:43.261  INFO o.s.b.w.e.t.TomcatWebServer:91-Tomcat initialized with port(s): 8080 (http)
2019-08-09 11:05:43.272  INFO o.a.c.h.Http11NioProtocol:180-Initializing ProtocolHandler ["http-nio-8080"]
2019-08-09 11:05:43.281  INFO o.a.c.c.StandardService:180-Starting service [Tomcat]
2019-08-09 11:05:43.281  INFO o.a.c.c.StandardEngine:180-Starting Servlet Engine: Apache Tomcat/8.5.34
2019-08-09 11:05:43.285  INFO o.a.c.c.AprLifecycleListener:180-The APR based Apache Tomcat Native library which allows optimal performance in production environments was not found on the java.library.path: [/Users/zhangzhenyan/Library/Java/Extensions:/Library/Java/Extensions:/Network/Library/Java/Extensions:/System/Library/Java/Extensions:/usr/lib/java:.]
2019-08-09 11:05:43.385  INFO o.a.c.c.C.[.[.[/]:180-Initializing Spring embedded WebApplicationContext
2019-08-09 11:05:43.385  INFO o.s.w.c.ContextLoader:285-Root WebApplicationContext: initialization completed in 2836 ms
2019-08-09 11:05:43.802  INFO o.s.b.w.s.FilterRegistrationBean:245-Mapping filter: 'characterEncodingFilter' to: [/*]
2019-08-09 11:05:43.802  INFO o.s.b.w.s.FilterRegistrationBean:245-Mapping filter: 'hiddenHttpMethodFilter' to: [/*]
2019-08-09 11:05:43.802  INFO o.s.b.w.s.FilterRegistrationBean:245-Mapping filter: 'httpPutFormContentFilter' to: [/*]
2019-08-09 11:05:43.802  INFO o.s.b.w.s.FilterRegistrationBean:245-Mapping filter: 'requestContextFilter' to: [/*]
2019-08-09 11:05:43.802  INFO o.s.b.w.s.FilterRegistrationBean:258-Mapping filter: 'AuthFilter' to urls: [/*]
2019-08-09 11:05:43.803  INFO o.s.b.w.s.FilterRegistrationBean:258-Mapping filter: 'xssFilter' to urls: [/*]
2019-08-09 11:05:43.803  INFO o.s.b.w.s.ServletRegistrationBean:187-Servlet dispatcherServlet mapped to [/]
2019-08-09 11:05:43.823  INFO c.e.f.AuthFilter:83-come to filter! method init-
2019-08-09 11:05:44.788  INFO o.s.w.s.m.m.a.RequestMappingHandlerMapping:549-Mapped "{[/async/testAsyncTask],methods=[POST]}" onto public com.example.responseVo.ResultVo com.example.controller.AsyncController.testAsyncTask() throws java.lang.Exception
2019-08-09 11:05:44.789  INFO o.s.w.s.m.m.a.RequestMappingHandlerMapping:549-Mapped "{[/async/testAsyncTackSecond],methods=[POST]}" onto public com.example.responseVo.ResultVo com.example.controller.AsyncController.testAsyncTackSecond() throws java.lang.Exception
2019-08-09 11:05:44.791  INFO o.s.w.s.m.m.a.RequestMappingHandlerMapping:549-Mapped "{[/async/testKafka],methods=[POST]}" onto public com.example.responseVo.ResultVo com.example.controller.AsyncController.testKafka(java.lang.String)
2019-08-09 11:05:44.793  INFO o.s.w.s.m.m.a.RequestMappingHandlerMapping:549-Mapped "{[/userManagement/login],methods=[GET]}" onto public com.example.responseVo.ResultVo<java.lang.String> com.example.controller.LoginController.login(java.lang.String,java.lang.String)
2019-08-09 11:05:44.793  INFO o.s.w.s.m.m.a.RequestMappingHandlerMapping:549-Mapped "{[/userManagement/checkLoginOrNot],methods=[GET]}" onto public com.example.responseVo.ResultVo<java.lang.String> com.example.controller.LoginController.checkLoginOrNot(java.lang.String)
2019-08-09 11:05:44.794  INFO o.s.w.s.m.m.a.RequestMappingHandlerMapping:549-Mapped "{[/reportForm/export],methods=[GET]}" onto public void com.example.controller.ReportFormController.export(javax.servlet.http.HttpServletResponse)
2019-08-09 11:05:44.794  INFO o.s.w.s.m.m.a.RequestMappingHandlerMapping:549-Mapped "{[/reportForm/importExcel],methods=[GET]}" onto public void com.example.controller.ReportFormController.importExcel()
2019-08-09 11:05:44.796  INFO o.s.w.s.m.m.a.RequestMappingHandlerMapping:549-Mapped "{[/users/getPasswordByName],methods=[GET]}" onto public com.example.responseVo.ResultVo com.example.controller.UserController.getPassword(java.lang.String,java.lang.String)
2019-08-09 11:05:44.796  INFO o.s.w.s.m.m.a.RequestMappingHandlerMapping:549-Mapped "{[/users/getUserInformationAndDoSomething],methods=[POST]}" onto public com.example.responseVo.ResultVo com.example.controller.UserController.getUserInformationAndDoSomething(java.lang.String,com.example.requestVo.PageRequestVo)
2019-08-09 11:05:44.797  INFO o.s.w.s.m.m.a.RequestMappingHandlerMapping:549-Mapped "{[/users/testMap],methods=[GET]}" onto public com.example.responseVo.ResultVo com.example.controller.UserController.testMap(java.lang.String,java.util.Map<java.lang.String, java.lang.String>)
2019-08-09 11:05:44.797  INFO o.s.w.s.m.m.a.RequestMappingHandlerMapping:549-Mapped "{[/users/hello/{name}],methods=[GET]}" onto public com.example.responseVo.ResultVo com.example.controller.UserController.testPathVariable(java.lang.String,java.lang.String)
2019-08-09 11:05:44.799  INFO o.s.w.s.m.m.a.RequestMappingHandlerMapping:549-Mapped "{[/v2/api-docs],methods=[GET],produces=[application/json || application/hal+json]}" onto public org.springframework.http.ResponseEntity<springfox.documentation.spring.web.json.Json> springfox.documentation.swagger2.web.Swagger2Controller.getDocumentation(java.lang.String,javax.servlet.http.HttpServletRequest)
2019-08-09 11:05:44.804  INFO o.s.w.s.m.m.a.RequestMappingHandlerMapping:549-Mapped "{[/swagger-resources/configuration/security]}" onto org.springframework.http.ResponseEntity<springfox.documentation.swagger.web.SecurityConfiguration> springfox.documentation.swagger.web.ApiResourceController.securityConfiguration()
2019-08-09 11:05:44.804  INFO o.s.w.s.m.m.a.RequestMappingHandlerMapping:549-Mapped "{[/swagger-resources/configuration/ui]}" onto org.springframework.http.ResponseEntity<springfox.documentation.swagger.web.UiConfiguration> springfox.documentation.swagger.web.ApiResourceController.uiConfiguration()
2019-08-09 11:05:44.805  INFO o.s.w.s.m.m.a.RequestMappingHandlerMapping:549-Mapped "{[/swagger-resources]}" onto org.springframework.http.ResponseEntity<java.util.List<springfox.documentation.swagger.web.SwaggerResource>> springfox.documentation.swagger.web.ApiResourceController.swaggerResources()
2019-08-09 11:05:44.809  INFO o.s.w.s.m.m.a.RequestMappingHandlerMapping:549-Mapped "{[/error]}" onto public org.springframework.http.ResponseEntity<java.util.Map<java.lang.String, java.lang.Object>> org.springframework.boot.autoconfigure.web.servlet.error.BasicErrorController.error(javax.servlet.http.HttpServletRequest)
2019-08-09 11:05:44.810  INFO o.s.w.s.m.m.a.RequestMappingHandlerMapping:549-Mapped "{[/error],produces=[text/html]}" onto public org.springframework.web.servlet.ModelAndView org.springframework.boot.autoconfigure.web.servlet.error.BasicErrorController.errorHtml(javax.servlet.http.HttpServletRequest,javax.servlet.http.HttpServletResponse)
2019-08-09 11:05:45.020  INFO c.e.c.ThreadPoolTaskExecutorConfig:41-start asyncServiceExecutor
2019-08-09 11:05:45.023  INFO o.s.s.c.ThreadPoolTaskExecutor:171-Initializing ExecutorService 
2019-08-09 11:05:45.029  INFO o.s.s.c.ThreadPoolTaskExecutor:171-Initializing ExecutorService  'asyncServiceExecutor'
2019-08-09 11:05:45.152  INFO o.s.w.s.h.SimpleUrlHandlerMapping:373-Mapped URL path [/**/favicon.ico] onto handler of type [class org.springframework.web.servlet.resource.ResourceHttpRequestHandler]
2019-08-09 11:05:45.437  INFO o.s.w.s.m.m.a.RequestMappingHandlerAdapter:588-Looking for @ControllerAdvice: org.springframework.boot.web.servlet.context.AnnotationConfigServletWebServerApplicationContext@607fbe09: startup date [Fri Aug 09 11:05:40 CST 2019]; root of context hierarchy
2019-08-09 11:05:45.542  INFO o.s.w.s.h.SimpleUrlHandlerMapping:373-Mapped URL path [/webjars/**] onto handler of type [class org.springframework.web.servlet.resource.ResourceHttpRequestHandler]
2019-08-09 11:05:45.543  INFO o.s.w.s.h.SimpleUrlHandlerMapping:373-Mapped URL path [/**] onto handler of type [class org.springframework.web.servlet.resource.ResourceHttpRequestHandler]
2019-08-09 11:05:45.595  INFO o.s.w.s.m.m.a.ExceptionHandlerExceptionResolver:288-Detected @ExceptionHandler methods in globalExceptionHandler
2019-08-09 11:05:45.630  INFO o.s.b.a.w.s.WelcomePageHandlerMapping:56-Adding welcome page: class path resource [static/index.html]
2019-08-09 11:05:46.133  INFO o.s.j.e.a.AnnotationMBeanExporter:433-Registering beans for JMX exposure on startup
2019-08-09 11:05:46.134  INFO o.s.j.e.a.AnnotationMBeanExporter:895-Bean with name 'dataSource' has been autodetected for JMX exposure
2019-08-09 11:05:46.143  INFO o.s.j.e.a.AnnotationMBeanExporter:668-Located MBean 'dataSource': registering with JMX server as MBean [com.alibaba.druid.pool:name=dataSource,type=DruidDataSource]
2019-08-09 11:05:46.148  INFO o.s.c.s.DefaultLifecycleProcessor:356-Starting beans in phase 2147483647
2019-08-09 11:05:46.149  INFO s.d.s.w.p.DocumentationPluginsBootstrapper:120-Context refreshed
2019-08-09 11:05:46.164  INFO s.d.s.w.p.DocumentationPluginsBootstrapper:123-Found 1 custom documentation plugin(s)
2019-08-09 11:05:46.181  INFO s.d.s.w.s.ApiListingReferenceScanner:41-Scanning for api listing references
2019-08-09 11:05:46.400  INFO o.s.s.a.ScheduledAnnotationBeanPostProcessor:276-No TaskScheduler/ScheduledExecutorService bean found for scheduled processing
2019-08-09 11:05:46.407  INFO o.a.c.h.Http11NioProtocol:180-Starting ProtocolHandler ["http-nio-8080"]
2019-08-09 11:05:46.427  INFO o.a.t.u.n.NioSelectorPool:180-Using a shared selector for servlet write/read
2019-08-09 11:05:46.439  INFO o.s.b.w.e.t.TomcatWebServer:206-Tomcat started on port(s): 8080 (http) with context path ''
2019-08-09 11:05:46.444  INFO c.e.SpringbootStartApplication:59-Started SpringbootStartApplication in 6.694 seconds (JVM running for 7.606)
2019-08-09 11:06:00.056  INFO o.a.c.c.C.[.[.[/]:180-Initializing Spring FrameworkServlet 'dispatcherServlet'
2019-08-09 11:06:00.056  INFO o.s.w.s.DispatcherServlet:494-FrameworkServlet 'dispatcherServlet': initialization started
2019-08-09 11:06:00.081  INFO o.s.w.s.DispatcherServlet:509-FrameworkServlet 'dispatcherServlet': initialization completed in 25 ms
2019-08-09 11:06:19.667  INFO c.e.a.HttpAspect:63-请求的url地址为:0:0:0:0:0:0:0:1
2019-08-09 11:06:19.667  INFO c.e.a.HttpAspect:64-请求的路径为:/async/testAsyncTackSecond
2019-08-09 11:06:19.668  INFO c.e.a.HttpAspect:65-请求的方法为:POST
2019-08-09 11:06:19.668  INFO c.e.a.HttpAspect:66-请求的参数为:{}
2019-08-09 11:06:19.675  INFO c.e.i.ThreadServerImpl:55-开始做任务四
2019-08-09 11:06:26.547  INFO c.e.i.ThreadServerImpl:60-完成任务四，耗时：6872毫秒
2019-08-09 11:06:26.550  INFO c.e.a.HttpAspect:72-响应数据:ResultVo(code=1, message=任务4耗时6872, data=null)
2019-08-09 11:06:37.486  INFO o.s.b.w.s.c.AnnotationConfigServletWebServerApplicationContext:993-Closing org.springframework.boot.web.servlet.context.AnnotationConfigServletWebServerApplicationContext@607fbe09: startup date [Fri Aug 09 11:05:40 CST 2019]; root of context hierarchy
2019-08-09 11:06:37.492  INFO o.s.c.s.DefaultLifecycleProcessor:369-Stopping beans in phase 2147483647
2019-08-09 11:06:37.494  INFO o.s.c.s.DefaultLifecycleProcessor:369-Stopping beans in phase 0
2019-08-09 11:06:37.497  INFO o.s.j.e.a.AnnotationMBeanExporter:451-Unregistering JMX-exposed beans on shutdown
2019-08-09 11:06:37.500  INFO o.s.j.e.a.AnnotationMBeanExporter:185-Unregistering JMX-exposed beans
2019-08-09 11:06:37.502  INFO o.s.s.c.ThreadPoolTaskExecutor:208-Shutting down ExecutorService 'asyncServiceExecutor'
2019-08-09 11:06:37.525  INFO c.a.d.p.DruidDataSource:1689-{dataSource-1} closed
2019-08-09 11:06:37.584  INFO c.e.f.AuthFilter:88-come to filter! method destroy-
